<?xml version="1.0" encoding="UTF-8"?>
<testsuite xmlns:xsi="http://www.w3.org/2001/XMLSchema-instance" xsi:noNamespaceSchemaLocation="https://maven.apache.org/surefire/maven-surefire-plugin/xsd/surefire-test-report-3.0.xsd" version="3.0" name="runner.runner" time="8.469" tests="3" errors="2" skipped="0" failures="0">
  <properties>
    <property name="java.specification.version" value="17"/>
    <property name="sun.cpu.isalist" value="amd64"/>
    <property name="sun.jnu.encoding" value="Cp1252"/>
    <property name="java.class.path" value="C:\Users\jayanthn\Downloads\Cucumber_Maven\target\test-classes;C:\Users\jayanthn\Downloads\Cucumber_Maven\target\classes;C:\Users\jayanthn\.m2\repository\io\cucumber\cucumber-java\7.14.0\cucumber-java-7.14.0.jar;C:\Users\jayanthn\.m2\repository\io\cucumber\cucumber-core\7.14.0\cucumber-core-7.14.0.jar;C:\Users\jayanthn\.m2\repository\io\cucumber\cucumber-gherkin\7.14.0\cucumber-gherkin-7.14.0.jar;C:\Users\jayanthn\.m2\repository\io\cucumber\cucumber-gherkin-messages\7.14.0\cucumber-gherkin-messages-7.14.0.jar;C:\Users\jayanthn\.m2\repository\io\cucumber\gherkin\26.2.0\gherkin-26.2.0.jar;C:\Users\jayanthn\.m2\repository\io\cucumber\messages\22.0.0\messages-22.0.0.jar;C:\Users\jayanthn\.m2\repository\io\cucumber\tag-expressions\5.0.6\tag-expressions-5.0.6.jar;C:\Users\jayanthn\.m2\repository\io\cucumber\cucumber-expressions\16.1.2\cucumber-expressions-16.1.2.jar;C:\Users\jayanthn\.m2\repository\io\cucumber\datatable\7.14.0\datatable-7.14.0.jar;C:\Users\jayanthn\.m2\repository\io\cucumber\cucumber-plugin\7.14.0\cucumber-plugin-7.14.0.jar;C:\Users\jayanthn\.m2\repository\io\cucumber\docstring\7.14.0\docstring-7.14.0.jar;C:\Users\jayanthn\.m2\repository\io\cucumber\html-formatter\20.4.0\html-formatter-20.4.0.jar;C:\Users\jayanthn\.m2\repository\io\cucumber\junit-xml-formatter\0.2.0\junit-xml-formatter-0.2.0.jar;C:\Users\jayanthn\.m2\repository\io\cucumber\ci-environment\9.2.0\ci-environment-9.2.0.jar;C:\Users\jayanthn\.m2\repository\org\apiguardian\apiguardian-api\1.1.2\apiguardian-api-1.1.2.jar;C:\Users\jayanthn\.m2\repository\io\cucumber\cucumber-junit\7.14.0\cucumber-junit-7.14.0.jar;C:\Users\jayanthn\.m2\repository\junit\junit\4.13.2\junit-4.13.2.jar;C:\Users\jayanthn\.m2\repository\org\hamcrest\hamcrest-core\1.3\hamcrest-core-1.3.jar;C:\Users\jayanthn\.m2\repository\net\masterthought\cucumber-reporting\5.7.5\cucumber-reporting-5.7.5.jar;C:\Users\jayanthn\.m2\repository\com\fasterxml\jackson\core\jackson-databind\2.13.2.2\jackson-databind-2.13.2.2.jar;C:\Users\jayanthn\.m2\repository\com\fasterxml\jackson\core\jackson-annotations\2.13.2\jackson-annotations-2.13.2.jar;C:\Users\jayanthn\.m2\repository\com\fasterxml\jackson\core\jackson-core\2.13.2\jackson-core-2.13.2.jar;C:\Users\jayanthn\.m2\repository\com\fasterxml\jackson\datatype\jackson-datatype-jsr310\2.13.2\jackson-datatype-jsr310-2.13.2.jar;C:\Users\jayanthn\.m2\repository\org\apache\velocity\velocity-engine-core\2.3\velocity-engine-core-2.3.jar;C:\Users\jayanthn\.m2\repository\org\slf4j\slf4j-api\1.7.30\slf4j-api-1.7.30.jar;C:\Users\jayanthn\.m2\repository\org\apache\commons\commons-collections4\4.4\commons-collections4-4.4.jar;C:\Users\jayanthn\.m2\repository\joda-time\joda-time\2.12.2\joda-time-2.12.2.jar;C:\Users\jayanthn\.m2\repository\org\apache\commons\commons-lang3\3.12.0\commons-lang3-3.12.0.jar;C:\Users\jayanthn\.m2\repository\commons-io\commons-io\2.7\commons-io-2.7.jar;C:\Users\jayanthn\.m2\repository\org\codehaus\plexus\plexus-utils\3.5.0\plexus-utils-3.5.0.jar;C:\Users\jayanthn\.m2\repository\org\jsoup\jsoup\1.15.4\jsoup-1.15.4.jar;C:\Users\jayanthn\.m2\repository\com\googlecode\owasp-java-html-sanitizer\owasp-java-html-sanitizer\20220608.1\owasp-java-html-sanitizer-20220608.1.jar;C:\Users\jayanthn\.m2\repository\commons-configuration\commons-configuration\1.10\commons-configuration-1.10.jar;C:\Users\jayanthn\.m2\repository\commons-lang\commons-lang\2.6\commons-lang-2.6.jar;C:\Users\jayanthn\.m2\repository\commons-logging\commons-logging\1.1.1\commons-logging-1.1.1.jar;C:\Users\jayanthn\.m2\repository\io\rest-assured\rest-assured\5.4.0\rest-assured-5.4.0.jar;C:\Users\jayanthn\.m2\repository\org\apache\groovy\groovy\4.0.16\groovy-4.0.16.jar;C:\Users\jayanthn\.m2\repository\org\apache\groovy\groovy-xml\4.0.16\groovy-xml-4.0.16.jar;C:\Users\jayanthn\.m2\repository\org\apache\httpcomponents\httpclient\4.5.13\httpclient-4.5.13.jar;C:\Users\jayanthn\.m2\repository\org\apache\httpcomponents\httpcore\4.4.13\httpcore-4.4.13.jar;C:\Users\jayanthn\.m2\repository\commons-codec\commons-codec\1.11\commons-codec-1.11.jar;C:\Users\jayanthn\.m2\repository\org\apache\httpcomponents\httpmime\4.5.13\httpmime-4.5.13.jar;C:\Users\jayanthn\.m2\repository\org\hamcrest\hamcrest\2.2\hamcrest-2.2.jar;C:\Users\jayanthn\.m2\repository\org\ccil\cowan\tagsoup\tagsoup\1.2.1\tagsoup-1.2.1.jar;C:\Users\jayanthn\.m2\repository\io\rest-assured\json-path\5.4.0\json-path-5.4.0.jar;C:\Users\jayanthn\.m2\repository\org\apache\groovy\groovy-json\4.0.16\groovy-json-4.0.16.jar;C:\Users\jayanthn\.m2\repository\io\rest-assured\rest-assured-common\5.4.0\rest-assured-common-5.4.0.jar;C:\Users\jayanthn\.m2\repository\io\rest-assured\xml-path\5.4.0\xml-path-5.4.0.jar;C:\Users\jayanthn\.m2\repository\io\rest-assured\json-schema-validator\5.4.0\json-schema-validator-5.4.0.jar;C:\Users\jayanthn\.m2\repository\com\github\java-json-tools\json-schema-validator\2.2.14\json-schema-validator-2.2.14.jar;C:\Users\jayanthn\.m2\repository\com\github\java-json-tools\jackson-coreutils-equivalence\1.0\jackson-coreutils-equivalence-1.0.jar;C:\Users\jayanthn\.m2\repository\com\github\java-json-tools\jackson-coreutils\2.0\jackson-coreutils-2.0.jar;C:\Users\jayanthn\.m2\repository\com\github\java-json-tools\msg-simple\1.2\msg-simple-1.2.jar;C:\Users\jayanthn\.m2\repository\com\github\java-json-tools\btf\1.3\btf-1.3.jar;C:\Users\jayanthn\.m2\repository\com\github\java-json-tools\json-schema-core\1.2.14\json-schema-core-1.2.14.jar;C:\Users\jayanthn\.m2\repository\com\github\java-json-tools\uri-template\0.10\uri-template-0.10.jar;C:\Users\jayanthn\.m2\repository\org\mozilla\rhino\1.7.7.2\rhino-1.7.7.2.jar;C:\Users\jayanthn\.m2\repository\com\sun\mail\mailapi\1.6.2\mailapi-1.6.2.jar;C:\Users\jayanthn\.m2\repository\com\googlecode\libphonenumber\libphonenumber\8.11.1\libphonenumber-8.11.1.jar;C:\Users\jayanthn\.m2\repository\com\google\code\findbugs\jsr305\3.0.2\jsr305-3.0.2.jar;C:\Users\jayanthn\.m2\repository\net\sf\jopt-simple\jopt-simple\5.0.4\jopt-simple-5.0.4.jar;C:\Users\jayanthn\.m2\repository\com\google\guava\guava\32.0.1-jre\guava-32.0.1-jre.jar;C:\Users\jayanthn\.m2\repository\com\google\guava\failureaccess\1.0.1\failureaccess-1.0.1.jar;C:\Users\jayanthn\.m2\repository\com\google\guava\listenablefuture\9999.0-empty-to-avoid-conflict-with-guava\listenablefuture-9999.0-empty-to-avoid-conflict-with-guava.jar;C:\Users\jayanthn\.m2\repository\org\checkerframework\checker-qual\3.33.0\checker-qual-3.33.0.jar;C:\Users\jayanthn\.m2\repository\com\google\errorprone\error_prone_annotations\2.18.0\error_prone_annotations-2.18.0.jar;C:\Users\jayanthn\.m2\repository\com\google\j2objc\j2objc-annotations\2.8\j2objc-annotations-2.8.jar;"/>
    <property name="java.vm.vendor" value="Oracle Corporation"/>
    <property name="sun.arch.data.model" value="64"/>
    <property name="user.variant" value=""/>
    <property name="java.vendor.url" value="https://java.oracle.com/"/>
    <property name="user.timezone" value="Asia/Calcutta"/>
    <property name="os.name" value="Windows 11"/>
    <property name="java.vm.specification.version" value="17"/>
    <property name="sun.java.launcher" value="SUN_STANDARD"/>
    <property name="user.country" value="IN"/>
    <property name="sun.boot.library.path" value="C:\Program Files\Java\jdk-17\bin"/>
    <property name="sun.java.command" value="C:\Users\jayanthn\AppData\Local\Temp\surefire17513914807253020380\surefirebooter9606033692564715037.jar C:\Users\jayanthn\AppData\Local\Temp\surefire17513914807253020380 2024-04-10T16-03-02_976-jvmRun1 surefire18319129199474626540tmp surefire_07644153663095697095tmp"/>
    <property name="jdk.debug" value="release"/>
    <property name="surefire.test.class.path" value="C:\Users\jayanthn\Downloads\Cucumber_Maven\target\test-classes;C:\Users\jayanthn\Downloads\Cucumber_Maven\target\classes;C:\Users\jayanthn\.m2\repository\io\cucumber\cucumber-java\7.14.0\cucumber-java-7.14.0.jar;C:\Users\jayanthn\.m2\repository\io\cucumber\cucumber-core\7.14.0\cucumber-core-7.14.0.jar;C:\Users\jayanthn\.m2\repository\io\cucumber\cucumber-gherkin\7.14.0\cucumber-gherkin-7.14.0.jar;C:\Users\jayanthn\.m2\repository\io\cucumber\cucumber-gherkin-messages\7.14.0\cucumber-gherkin-messages-7.14.0.jar;C:\Users\jayanthn\.m2\repository\io\cucumber\gherkin\26.2.0\gherkin-26.2.0.jar;C:\Users\jayanthn\.m2\repository\io\cucumber\messages\22.0.0\messages-22.0.0.jar;C:\Users\jayanthn\.m2\repository\io\cucumber\tag-expressions\5.0.6\tag-expressions-5.0.6.jar;C:\Users\jayanthn\.m2\repository\io\cucumber\cucumber-expressions\16.1.2\cucumber-expressions-16.1.2.jar;C:\Users\jayanthn\.m2\repository\io\cucumber\datatable\7.14.0\datatable-7.14.0.jar;C:\Users\jayanthn\.m2\repository\io\cucumber\cucumber-plugin\7.14.0\cucumber-plugin-7.14.0.jar;C:\Users\jayanthn\.m2\repository\io\cucumber\docstring\7.14.0\docstring-7.14.0.jar;C:\Users\jayanthn\.m2\repository\io\cucumber\html-formatter\20.4.0\html-formatter-20.4.0.jar;C:\Users\jayanthn\.m2\repository\io\cucumber\junit-xml-formatter\0.2.0\junit-xml-formatter-0.2.0.jar;C:\Users\jayanthn\.m2\repository\io\cucumber\ci-environment\9.2.0\ci-environment-9.2.0.jar;C:\Users\jayanthn\.m2\repository\org\apiguardian\apiguardian-api\1.1.2\apiguardian-api-1.1.2.jar;C:\Users\jayanthn\.m2\repository\io\cucumber\cucumber-junit\7.14.0\cucumber-junit-7.14.0.jar;C:\Users\jayanthn\.m2\repository\junit\junit\4.13.2\junit-4.13.2.jar;C:\Users\jayanthn\.m2\repository\org\hamcrest\hamcrest-core\1.3\hamcrest-core-1.3.jar;C:\Users\jayanthn\.m2\repository\net\masterthought\cucumber-reporting\5.7.5\cucumber-reporting-5.7.5.jar;C:\Users\jayanthn\.m2\repository\com\fasterxml\jackson\core\jackson-databind\2.13.2.2\jackson-databind-2.13.2.2.jar;C:\Users\jayanthn\.m2\repository\com\fasterxml\jackson\core\jackson-annotations\2.13.2\jackson-annotations-2.13.2.jar;C:\Users\jayanthn\.m2\repository\com\fasterxml\jackson\core\jackson-core\2.13.2\jackson-core-2.13.2.jar;C:\Users\jayanthn\.m2\repository\com\fasterxml\jackson\datatype\jackson-datatype-jsr310\2.13.2\jackson-datatype-jsr310-2.13.2.jar;C:\Users\jayanthn\.m2\repository\org\apache\velocity\velocity-engine-core\2.3\velocity-engine-core-2.3.jar;C:\Users\jayanthn\.m2\repository\org\slf4j\slf4j-api\1.7.30\slf4j-api-1.7.30.jar;C:\Users\jayanthn\.m2\repository\org\apache\commons\commons-collections4\4.4\commons-collections4-4.4.jar;C:\Users\jayanthn\.m2\repository\joda-time\joda-time\2.12.2\joda-time-2.12.2.jar;C:\Users\jayanthn\.m2\repository\org\apache\commons\commons-lang3\3.12.0\commons-lang3-3.12.0.jar;C:\Users\jayanthn\.m2\repository\commons-io\commons-io\2.7\commons-io-2.7.jar;C:\Users\jayanthn\.m2\repository\org\codehaus\plexus\plexus-utils\3.5.0\plexus-utils-3.5.0.jar;C:\Users\jayanthn\.m2\repository\org\jsoup\jsoup\1.15.4\jsoup-1.15.4.jar;C:\Users\jayanthn\.m2\repository\com\googlecode\owasp-java-html-sanitizer\owasp-java-html-sanitizer\20220608.1\owasp-java-html-sanitizer-20220608.1.jar;C:\Users\jayanthn\.m2\repository\commons-configuration\commons-configuration\1.10\commons-configuration-1.10.jar;C:\Users\jayanthn\.m2\repository\commons-lang\commons-lang\2.6\commons-lang-2.6.jar;C:\Users\jayanthn\.m2\repository\commons-logging\commons-logging\1.1.1\commons-logging-1.1.1.jar;C:\Users\jayanthn\.m2\repository\io\rest-assured\rest-assured\5.4.0\rest-assured-5.4.0.jar;C:\Users\jayanthn\.m2\repository\org\apache\groovy\groovy\4.0.16\groovy-4.0.16.jar;C:\Users\jayanthn\.m2\repository\org\apache\groovy\groovy-xml\4.0.16\groovy-xml-4.0.16.jar;C:\Users\jayanthn\.m2\repository\org\apache\httpcomponents\httpclient\4.5.13\httpclient-4.5.13.jar;C:\Users\jayanthn\.m2\repository\org\apache\httpcomponents\httpcore\4.4.13\httpcore-4.4.13.jar;C:\Users\jayanthn\.m2\repository\commons-codec\commons-codec\1.11\commons-codec-1.11.jar;C:\Users\jayanthn\.m2\repository\org\apache\httpcomponents\httpmime\4.5.13\httpmime-4.5.13.jar;C:\Users\jayanthn\.m2\repository\org\hamcrest\hamcrest\2.2\hamcrest-2.2.jar;C:\Users\jayanthn\.m2\repository\org\ccil\cowan\tagsoup\tagsoup\1.2.1\tagsoup-1.2.1.jar;C:\Users\jayanthn\.m2\repository\io\rest-assured\json-path\5.4.0\json-path-5.4.0.jar;C:\Users\jayanthn\.m2\repository\org\apache\groovy\groovy-json\4.0.16\groovy-json-4.0.16.jar;C:\Users\jayanthn\.m2\repository\io\rest-assured\rest-assured-common\5.4.0\rest-assured-common-5.4.0.jar;C:\Users\jayanthn\.m2\repository\io\rest-assured\xml-path\5.4.0\xml-path-5.4.0.jar;C:\Users\jayanthn\.m2\repository\io\rest-assured\json-schema-validator\5.4.0\json-schema-validator-5.4.0.jar;C:\Users\jayanthn\.m2\repository\com\github\java-json-tools\json-schema-validator\2.2.14\json-schema-validator-2.2.14.jar;C:\Users\jayanthn\.m2\repository\com\github\java-json-tools\jackson-coreutils-equivalence\1.0\jackson-coreutils-equivalence-1.0.jar;C:\Users\jayanthn\.m2\repository\com\github\java-json-tools\jackson-coreutils\2.0\jackson-coreutils-2.0.jar;C:\Users\jayanthn\.m2\repository\com\github\java-json-tools\msg-simple\1.2\msg-simple-1.2.jar;C:\Users\jayanthn\.m2\repository\com\github\java-json-tools\btf\1.3\btf-1.3.jar;C:\Users\jayanthn\.m2\repository\com\github\java-json-tools\json-schema-core\1.2.14\json-schema-core-1.2.14.jar;C:\Users\jayanthn\.m2\repository\com\github\java-json-tools\uri-template\0.10\uri-template-0.10.jar;C:\Users\jayanthn\.m2\repository\org\mozilla\rhino\1.7.7.2\rhino-1.7.7.2.jar;C:\Users\jayanthn\.m2\repository\com\sun\mail\mailapi\1.6.2\mailapi-1.6.2.jar;C:\Users\jayanthn\.m2\repository\com\googlecode\libphonenumber\libphonenumber\8.11.1\libphonenumber-8.11.1.jar;C:\Users\jayanthn\.m2\repository\com\google\code\findbugs\jsr305\3.0.2\jsr305-3.0.2.jar;C:\Users\jayanthn\.m2\repository\net\sf\jopt-simple\jopt-simple\5.0.4\jopt-simple-5.0.4.jar;C:\Users\jayanthn\.m2\repository\com\google\guava\guava\32.0.1-jre\guava-32.0.1-jre.jar;C:\Users\jayanthn\.m2\repository\com\google\guava\failureaccess\1.0.1\failureaccess-1.0.1.jar;C:\Users\jayanthn\.m2\repository\com\google\guava\listenablefuture\9999.0-empty-to-avoid-conflict-with-guava\listenablefuture-9999.0-empty-to-avoid-conflict-with-guava.jar;C:\Users\jayanthn\.m2\repository\org\checkerframework\checker-qual\3.33.0\checker-qual-3.33.0.jar;C:\Users\jayanthn\.m2\repository\com\google\errorprone\error_prone_annotations\2.18.0\error_prone_annotations-2.18.0.jar;C:\Users\jayanthn\.m2\repository\com\google\j2objc\j2objc-annotations\2.8\j2objc-annotations-2.8.jar;"/>
    <property name="sun.cpu.endian" value="little"/>
    <property name="user.home" value="C:\Users\jayanthn"/>
    <property name="user.language" value="en"/>
    <property name="java.specification.vendor" value="Oracle Corporation"/>
    <property name="java.version.date" value="2024-01-16"/>
    <property name="java.home" value="C:\Program Files\Java\jdk-17"/>
    <property name="file.separator" value="\"/>
    <property name="basedir" value="C:\Users\jayanthn\Downloads\Cucumber_Maven"/>
    <property name="java.vm.compressedOopsMode" value="32-bit"/>
    <property name="line.separator" value="&#10;"/>
    <property name="java.vm.specification.vendor" value="Oracle Corporation"/>
    <property name="java.specification.name" value="Java Platform API Specification"/>
    <property name="surefire.real.class.path" value="C:\Users\jayanthn\AppData\Local\Temp\surefire17513914807253020380\surefirebooter9606033692564715037.jar"/>
    <property name="user.script" value=""/>
    <property name="sun.management.compiler" value="HotSpot 64-Bit Tiered Compilers"/>
    <property name="java.runtime.version" value="17.0.10+11-LTS-240"/>
    <property name="user.name" value="jayanthn"/>
    <property name="path.separator" value=";"/>
    <property name="os.version" value="10.0"/>
    <property name="java.runtime.name" value="Java(TM) SE Runtime Environment"/>
    <property name="file.encoding" value="Cp1252"/>
    <property name="java.vm.name" value="Java HotSpot(TM) 64-Bit Server VM"/>
    <property name="localRepository" value="C:\Users\jayanthn\.m2\repository"/>
    <property name="cucumber.options" value="--tags @postCall"/>
    <property name="java.vendor.url.bug" value="https://bugreport.java.com/bugreport/"/>
    <property name="java.io.tmpdir" value="C:\Users\jayanthn\AppData\Local\Temp\"/>
    <property name="java.version" value="17.0.10"/>
    <property name="user.dir" value="C:\Users\jayanthn\Downloads\Cucumber_Maven"/>
    <property name="os.arch" value="amd64"/>
    <property name="java.vm.specification.name" value="Java Virtual Machine Specification"/>
    <property name="sun.os.patch.level" value=""/>
    <property name="native.encoding" value="Cp1252"/>
    <property name="java.library.path" value="C:\Program Files\Java\jdk-17\bin;C:\Windows\Sun\Java\bin;C:\Windows\system32;C:\Windows;C:\Windows\system32;C:\Windows;C:\Windows\System32\Wbem;C:\Windows\System32\WindowsPowerShell\v1.0\;C:\Windows\System32\OpenSSH\;C:\Program Files\Java\jdk-17\bin;C:\Users\jayanthn\apache-maven-3.9.6\bin;C:\Program Files\Git\cmd;C:\Program Files\dotnet\;C:\Program Files\nodejs\;C:\Program Files\Java\jdk-17\bin;C:\Program Files\MySQL\MySQL Shell 8.0\bin\;C:\Users\jayanthn\AppData\Local\Microsoft\WindowsApps;C:\Users\jayanthn\AppData\Local\Programs\Microsoft VS Code\bin;C:\Users\jayanthn\AppData\Roaming\npm;C:\Program Files\JetBrains\ideaIU-2023.2.3.win\bin;;C:\Program Files\JetBrains\IntelliJ IDEA Educational Edition 2022.2.2\bin;;."/>
    <property name="java.vm.info" value="mixed mode, sharing"/>
    <property name="java.vendor" value="Oracle Corporation"/>
    <property name="java.vm.version" value="17.0.10+11-LTS-240"/>
    <property name="sun.io.unicode.encoding" value="UnicodeLittle"/>
    <property name="java.class.version" value="61.0"/>
  </properties>
  <testcase name="Do User Page GET REST Request validation" classname="Validate UserPage Scenarios #1" time="3.257">
    <error message="TODO: implement me" type="io.cucumber.java.PendingException"><![CDATA[io.cucumber.java.PendingException: TODO: implement me
]]></error>
    <system-out><![CDATA[
@userPage
Scenario Outline: Do User Page GET REST Request validation                        &amp#27;[90m# src/test/Feature/Prob1.feature:17&amp#27;[0m
  &amp#27;[32mGiven &amp#27;[0m&amp#27;[32mthe value of Celsius &amp#27;[0m&amp#27;[32m&amp#27;[1m"10"&amp#27;[0m                                                 &amp#27;[90m# stepDef.prob1StepDef.the_value_of_celsius(java.lang.String)&amp#27;[0m
  &amp#27;[32mThen &amp#27;[0m&amp#27;[32muser create conversion request body&amp#27;[0m                                        &amp#27;[90m# stepDef.prob1StepDef.user_create_conversion_request_body()&amp#27;[0m
Response body: <?xml version="1.0" encoding="utf-8"?><soap:Envelope xmlns:soap="http://www.w3.org/2003/05/soap-envelope" xmlns:xsi="http://www.w3.org/2001/XMLSchema-instance" xmlns:xsd="http://www.w3.org/2001/XMLSchema"><soap:Body><CelsiusToFahrenheitResponse xmlns="https://www.w3schools.com/xml/"><CelsiusToFahrenheitResult>50</CelsiusToFahrenheitResult></CelsiusToFahrenheitResponse></soap:Body></soap:Envelope>
  &amp#27;[32mWhen &amp#27;[0m&amp#27;[32muser send a postcall with &amp#27;[0m&amp#27;[32m&amp#27;[1m"https://www.w3schools.com/xml/tempconvert.asmx"&amp#27;[0m &amp#27;[90m# stepDef.prob1StepDef.user_send_a_postcall_with(java.lang.String)&amp#27;[0m
  &amp#27;[32mThen &amp#27;[0m&amp#27;[32muser see status code as &amp#27;[0m&amp#27;[32m&amp#27;[1m"200"&amp#27;[0m                                              &amp#27;[90m# stepDef.prob1StepDef.user_see_status_code_as(java.lang.String)&amp#27;[0m

  &amp#27;[32mAnd &amp#27;[0m&amp#27;[32muser validates the response Celsius as &amp#27;[0m&amp#27;[32m&amp#27;[1m"10"&amp#27;[0m                                 &amp#27;[90m# stepDef.prob1StepDef.user_validates_the_response_celsius_as(java.lang.String)&amp#27;[0m
  &amp#27;[33mAnd &amp#27;[0m&amp#27;[33muser validates the response Farenheit as &amp#27;[0m&amp#27;[33m&amp#27;[1m"98"&amp#27;[0m                               &amp#27;[90m# stepDef.prob1StepDef.user_validates_the_response_farenheit_as(java.lang.String)&amp#27;[0m
      &amp#27;[33mio.cucumber.java.PendingException: TODO: implement me
	at stepDef.prob1StepDef.user_validates_the_response_farenheit_as(prob1StepDef.java:66)
	at âœ½.user validates the response Farenheit as "98"(file:///C:/Users/jayanthn/Downloads/Cucumber_Maven/src/test/Feature/Prob1.feature:10)
&amp#27;[0m
]]></system-out>
    <system-err><![CDATA[Apr 10, 2024 4:03:04 PM io.cucumber.core.options.CucumberPropertiesParser lambda$warnWhenCucumberOptionsIsUsed$2
WARNING: Passing commandline options via the property 'cucumber.options' is no longer supported. Please use individual properties instead. See the java doc on io.cucumber.core.options.Constants for details.
]]></system-err>
  </testcase>
  <testcase name="Do Mobile Page POST REST Request validation" classname="Validate UserPage Scenarios #2" time="3.374">
    <system-out><![CDATA[
@postCall
Scenario Outline: Do Mobile Page POST REST Request validation                      &amp#27;[90m# src/test/Feature/Prob2.feature:13&amp#27;[0m
  &amp#27;[32mGiven &amp#27;[0m&amp#27;[32muser name for restful &amp#27;[0m&amp#27;[32m&amp#27;[1m"Apple MacBook Pro 16"&amp#27;[0m                               &amp#27;[90m# stepDef.prob2StepDef.user_name_for_restful(java.lang.String)&amp#27;[0m
  &amp#27;[32mThen &amp#27;[0m&amp#27;[32muser creates request body for restful postcall&amp#27;[0m                              &amp#27;[90m# stepDef.prob2StepDef.user_creates_request_body_for_restful_postcall()&amp#27;[0m
Response: {"id":"ff8081818ead0ebb018ec791c8595681","name":"Apple MacBook Pro 16","createdAt":"2024-04-10T10:33:23.801+00:00","data":{"year":2019,"price":1849.99,"CPU model":"Intel Core i9","Hard disk size":"1 TB"}}
  &amp#27;[32mWhen &amp#27;[0m&amp#27;[32muser send request body post call with &amp#27;[0m&amp#27;[32m&amp#27;[1m"https://api.restful-api.dev/objects"&amp#27;[0m &amp#27;[90m# stepDef.prob2StepDef.user_send_request_body_post_call_with(java.lang.String)&amp#27;[0m
  &amp#27;[32mThen &amp#27;[0m&amp#27;[32muser see status code for restful post &amp#27;[0m&amp#27;[32m&amp#27;[1m"200"&amp#27;[0m                                 &amp#27;[90m# stepDef.prob2StepDef.user_see_status_code_for_restful_post(java.lang.String)&amp#27;[0m
2019
  &amp#27;[32mAnd &amp#27;[0m&amp#27;[32muser validates the restful response year as &amp#27;[0m&amp#27;[32m&amp#27;[1m"2019"&amp#27;[0m                           &amp#27;[90m# stepDef.prob2StepDef.user_validates_the_restful_response_year_as(java.lang.String)&amp#27;[0m
1849.99
  &amp#27;[32mAnd &amp#27;[0m&amp#27;[32muser validates the restful response price as &amp#27;[0m&amp#27;[32m&amp#27;[1m"1849.99"&amp#27;[0m                       &amp#27;[90m# stepDef.prob2StepDef.user_validates_the_restful_response_price_as(java.lang.String)&amp#27;[0m
]]></system-out>
  </testcase>
  <testcase name="Do Mobile Page GET REST Request validation" classname="Validate UserPage Scenarios #3" time="0.907">
    <error message="TODO: implement me" type="io.cucumber.java.PendingException"><![CDATA[io.cucumber.java.PendingException: TODO: implement me
]]></error>
    <system-out><![CDATA[
@getCall
Scenario Outline: Do Mobile Page GET REST Request validation          &amp#27;[90m# src/test/Feature/Prob3.feature:11&amp#27;[0m
Response: [{"id":"1","name":"Google Pixel 6 Pro","data":{"color":"Cloudy White","capacity":"128 GB"}},{"id":"2","name":"Apple iPhone 12 Mini, 256GB, Blue","data":null},{"id":"3","name":"Apple iPhone 12 Pro Max","data":{"color":"Cloudy White","capacity GB":512}},{"id":"4","name":"Apple iPhone 11, 64GB","data":{"price":389.99,"color":"Purple"}},{"id":"5","name":"Samsung Galaxy Z Fold2","data":{"price":689.99,"color":"Brown"}},{"id":"6","name":"Apple AirPods","data":{"generation":"3rd","price":120}},{"id":"7","name":"Apple MacBook Pro 16","data":{"year":2019,"price":1849.99,"CPU model":"Intel Core i9","Hard disk size":"1 TB"}},{"id":"8","name":"Apple Watch Series 8","data":{"Strap Colour":"Elderberry","Case Size":"41mm"}},{"id":"9","name":"Beats Studio3 Wireless","data":{"Color":"Red","Description":"High-performance wireless noise cancelling headphones"}},{"id":"10","name":"Apple iPad Mini 5th Gen","data":{"Capacity":"64 GB","Screen size":7.9}},{"id":"11","name":"Apple iPad Mini 5th Gen","data":{"Capacity":"254 GB","Screen size":7.9}},{"id":"12","name":"Apple iPad Air","data":{"Generation":"4th","Price":"419.99","Capacity":"64 GB"}},{"id":"13","name":"Apple iPad Air","data":{"Generation":"4th","Price":"519.99","Capacity":"256 GB"}}]
  &amp#27;[32mGiven &amp#27;[0m&amp#27;[32muser does get call with &amp#27;[0m&amp#27;[32m&amp#27;[1m"https://api.restful-api.dev/objects"&amp#27;[0m &amp#27;[90m# stepDef.prob3StepDef.user_does_get_call_with(java.lang.String)&amp#27;[0m
  &amp#27;[32mWhen &amp#27;[0m&amp#27;[32muser see status code for restful get &amp#27;[0m&amp#27;[32m&amp#27;[1m"200"&amp#27;[0m                     &amp#27;[90m# stepDef.prob3StepDef.user_see_status_code_for_restful_get(java.lang.String)&amp#27;[0m
[1, 2, 3, 4, 5, 6, 7, 8, 9, 10, 11, 12, 13]
[
  &amp#27;[32mAnd &amp#27;[0m&amp#27;[32muser validates the restful response &amp#27;[0m&amp#27;[32m&amp#27;[1m"8"&amp#27;[0m                         &amp#27;[90m# stepDef.prob3StepDef.user_validates_the_restful_response(java.lang.String)&amp#27;[0m
  &amp#27;[33mThen &amp#27;[0m&amp#27;[33muser validates response name &amp#27;[0m&amp#27;[33m&amp#27;[1m"Apple Watch Series 8"&amp#27;[0m            &amp#27;[90m# stepDef.prob3StepDef.user_validates_response_name(java.lang.String)&amp#27;[0m
      &amp#27;[33mio.cucumber.java.PendingException: TODO: implement me
	at stepDef.prob3StepDef.user_validates_response_name(prob3StepDef.java:38)
	at âœ½.user validates response name "Apple Watch Series 8"(file:///C:/Users/jayanthn/Downloads/Cucumber_Maven/src/test/Feature/Prob3.feature:7)
&amp#27;[0m
]]></system-out>
  </testcase>
</testsuite>